<?xml version="1.0" encoding="UTF-8"?>
<!-- Generated by org.testng.reporters.JUnitReportReporter -->
<testsuite hostname="Devils_PC" failures="0" tests="2" name="SeleniumFramework.TestCases.DashboardTest" time="253.284" errors="0" timestamp="2025-01-07T22:57:40 IST" skipped="0">
  <testcase classname="SeleniumFramework.TestCases.DashboardTest" name="validateRoundTripFlightBooking" time="65.708"/>
  <testcase classname="SeleniumFramework.TestCases.DashboardTest" name="validateOneWayFlightBooking" time="187.576"/>
</testsuite> <!-- SeleniumFramework.TestCases.DashboardTest -->
