<?xml version="1.0" encoding="UTF-8"?>
<!-- Generated by org.testng.reporters.JUnitReportReporter -->
<testsuite hostname="Devils_PC" failures="0" tests="1" name="SeleniumFramework.PHPTravels.LoginTest" time="24.417" errors="0" timestamp="2025-01-01T15:56:37 IST" skipped="0">
  <testcase classname="SeleniumFramework.PHPTravels.LoginTest" name="loginSuccess" time="24.417"/>
</testsuite> <!-- SeleniumFramework.PHPTravels.LoginTest -->
